<?xml version="1.0" encoding="UTF-8"?>
<!-- Generated by org.testng.reporters.JUnitXMLReporter -->
<testsuite ignored="0" hostname="IN-PG02P4WE" failures="1" tests="6" name="Surefire test" time="87.873" errors="0" timestamp="2023-03-04T23:14:36 IST">
  <testcase classname="io.cucumber.testng.AbstractTestNGCucumberTests" name="runScenario" time="16.99"/>
  <testcase classname="io.cucumber.testng.AbstractTestNGCucumberTests" name="runScenario" time="14.415"/>
  <testcase classname="io.cucumber.testng.AbstractTestNGCucumberTests" name="runScenario" time="13.424"/>
  <testcase classname="io.cucumber.testng.AbstractTestNGCucumberTests" name="runScenario" time="13.685"/>
  <testcase classname="io.cucumber.testng.AbstractTestNGCucumberTests" name="runScenario" time="14.134">
    <failure type="java.lang.AssertionError" message="expected [Graphics/Arc] but found [Graphics/Arcs]">
      <![CDATA[java.lang.AssertionError: expected [Graphics/Arc] but found [Graphics/Arcs]
at stepDefinition.GraphicStepDef.user_is_directed_to_arcs(GraphicStepDef.java:52)
at âœ½.User is directed to Arcs(file:///C:/Users/ritiksharma03/eclipse-workspace/ExitTest/src/test/java/features/Graphic.feature:13)
... Removed 6 stack frames]]>
    </failure>
  </testcase> <!-- runScenario -->
  <testcase classname="io.cucumber.testng.AbstractTestNGCucumberTests" name="runScenario" time="14.968"/>
</testsuite> <!-- Surefire test -->
