<?xml version="1.0" encoding="UTF-8"?>
<!-- Generated by org.testng.reporters.JUnitReportReporter -->
<testsuite hostname="IN-PG02P4WE" failures="1" tests="6" name="TestRunner" time="87.634" errors="0" timestamp="2023-03-04T23:14:36 IST" skipped="0">
  <testcase classname="TestRunner" name="runScenario" time="14.417"/>
  <system-out/>
  <testcase classname="TestRunner" name="runScenario" time="14.973"/>
  <system-out/>
  <testcase classname="TestRunner" name="runScenario" time="13.685"/>
  <system-out/>
  <testcase classname="TestRunner" name="runScenario" time="13.427"/>
  <system-out/>
  <testcase classname="TestRunner" name="runScenario" time="16.994"/>
  <system-out/>
  <testcase classname="TestRunner" name="runScenario" time="14.138">
    <failure message="expected [Graphics/Arc] but found [Graphics/Arcs]" type="java.lang.AssertionError">
      <![CDATA[java.lang.AssertionError: expected [Graphics/Arc] but found [Graphics/Arcs]
at org.testng.Assert.fail(Assert.java:99)
at org.testng.Assert.failNotEquals(Assert.java:1037)
at org.testng.Assert.assertEqualsImpl(Assert.java:140)
at org.testng.Assert.assertEquals(Assert.java:122)
at org.testng.Assert.assertEquals(Assert.java:629)
at org.testng.Assert.assertEquals(Assert.java:639)
at stepDefinition.GraphicStepDef.user_is_directed_to_arcs(GraphicStepDef.java:52)
at âœ½.User is directed to Arcs(file:///C:/Users/ritiksharma03/eclipse-workspace/ExitTest/src/test/java/features/Graphic.feature:13)
]]>
    </failure>
  </testcase> <!-- runScenario -->
  <system-out/>
</testsuite> <!-- TestRunner -->
